<?xml version="1.0" encoding="UTF-8"?>
<!-- Generated by org.testng.reporters.JUnitReportReporter -->
<testsuite hostname="Milans-MBP" failures="0" tests="1" name="testCase.TestHomeandPets" time="4.390" errors="0" timestamp="2023-08-02T18:04:37 EDT" skipped="0">
  <testcase classname="testCase.TestHomeandPets" name="Test001_openBedFurnPage" time="4.390"/>
  <system-out/>
</testsuite> <!-- testCase.TestHomeandPets -->
