<?xml version="1.0" encoding="UTF-8"?>
<!-- Generated by org.testng.reporters.JUnitReportReporter -->
<testsuite hostname="Milans-MBP" failures="0" tests="3" name="testCase.AllOutDoorLiving" time="9.988" errors="0" timestamp="2023-07-20T13:53:41 EDT" skipped="0">
  <testcase classname="testCase.AllOutDoorLiving" name="Test002_Click_allFurn_decor" time="2.261"/>
  <system-out/>
  <testcase classname="testCase.AllOutDoorLiving" name="Test001_Click_AlloutdorLivng_tab" time="5.156"/>
  <system-out/>
  <testcase classname="testCase.AllOutDoorLiving" name="Test003_Click_PatioTable" time="2.571"/>
  <system-out/>
</testsuite> <!-- testCase.AllOutDoorLiving -->
