<?xml version="1.0" encoding="UTF-8"?>
<!-- Generated by org.testng.reporters.JUnitReportReporter -->
<testsuite hostname="Milans-MBP" failures="0" tests="2" name="testCase.TestGoogle" time="7.475" errors="0" timestamp="2023-07-21T10:46:44 EDT" skipped="0">
  <testcase classname="testCase.TestGoogle" name="Test001_click_prtyCity" time="7.043"/>
  <system-out/>
  <testcase classname="testCase.TestGoogle" name="Test002_open_Gradtn_new_win" time="0.432"/>
  <system-out/>
</testsuite> <!-- testCase.TestGoogle -->
