<?xml version="1.0" encoding="UTF-8"?>
<!-- Generated by org.testng.reporters.JUnitReportReporter -->
<testsuite hostname="Milans-MBP" failures="0" tests="1" name="testCase.TestRockyMntHomePage" time="0.016" errors="1" timestamp="2023-07-27T21:42:40 EDT" skipped="0">
  <testcase classname="testCase.TestRockyMntHomePage" name="Test001_clickOnbrdExp" time="0.016">
    <error message="Unresolved compilation problems: 
	Syntax error, insert &quot;}&quot; to complete MethodBody
	Syntax error, insert &quot;}&quot; to complete ClassBody
	The left-hand side of an assignment must be a variable
	Syntax error, insert &quot;)&quot; to complete Expression
	Syntax error on tokens, delete these tokens
	Duplicate local variable c
	Syntax error on tokens, delete these tokens
	Syntax error on tokens, delete these tokens
	Syntax error on tokens, delete these tokens
	Syntax error on tokens, delete these tokens
	i cannot be resolved to a variable
	Syntax error on tokens, delete these tokens
	Syntax error on tokens, delete these tokens
	Syntax error on tokens, delete these tokens
	Syntax error on tokens, delete these tokens
	Syntax error, insert &quot;;&quot; to complete Statement
" type="java.lang.Error">
      <![CDATA[java.lang.Error: Unresolved compilation problems: 
Syntax error, insert "}" to complete MethodBody
Syntax error, insert "}" to complete ClassBody
The left-hand side of an assignment must be a variable
Syntax error, insert ")" to complete Expression
Syntax error on tokens, delete these tokens
Duplicate local variable c
Syntax error on tokens, delete these tokens
Syntax error on tokens, delete these tokens
Syntax error on tokens, delete these tokens
Syntax error on tokens, delete these tokens
i cannot be resolved to a variable
Syntax error on tokens, delete these tokens
Syntax error on tokens, delete these tokens
Syntax error on tokens, delete these tokens
Syntax error on tokens, delete these tokens
Syntax error, insert ";" to complete Statement

at pageObject.RockyMountainPage.<init>(RockyMountainPage.java:48)
at testCase.TestRockyMntHomePage.Test001_clickOnbrdExp(TestRockyMntHomePage.java:15)
at java.base/jdk.internal.reflect.DirectMethodHandleAccessor.invoke(DirectMethodHandleAccessor.java:104)
at java.base/java.lang.reflect.Method.invoke(Method.java:578)
at org.testng.internal.invokers.MethodInvocationHelper.invokeMethod(MethodInvocationHelper.java:139)
at org.testng.internal.invokers.TestInvoker.invokeMethod(TestInvoker.java:677)
at org.testng.internal.invokers.TestInvoker.invokeTestMethod(TestInvoker.java:221)
at org.testng.internal.invokers.MethodRunner.runInSequence(MethodRunner.java:50)
at org.testng.internal.invokers.TestInvoker$MethodInvocationAgent.invoke(TestInvoker.java:969)
at org.testng.internal.invokers.TestInvoker.invokeTestMethods(TestInvoker.java:194)
at org.testng.internal.invokers.TestMethodWorker.invokeTestMethods(TestMethodWorker.java:148)
at org.testng.internal.invokers.TestMethodWorker.run(TestMethodWorker.java:128)
at java.base/java.util.ArrayList.forEach(ArrayList.java:1511)
at org.testng.TestRunner.privateRun(TestRunner.java:829)
at org.testng.TestRunner.run(TestRunner.java:602)
at org.testng.SuiteRunner.runTest(SuiteRunner.java:437)
at org.testng.SuiteRunner.runSequentially(SuiteRunner.java:431)
at org.testng.SuiteRunner.privateRun(SuiteRunner.java:391)
at org.testng.SuiteRunner.run(SuiteRunner.java:330)
at org.testng.SuiteRunnerWorker.runSuite(SuiteRunnerWorker.java:52)
at org.testng.SuiteRunnerWorker.run(SuiteRunnerWorker.java:95)
at org.testng.TestNG.runSuitesSequentially(TestNG.java:1256)
at org.testng.TestNG.runSuitesLocally(TestNG.java:1176)
at org.testng.TestNG.runSuites(TestNG.java:1099)
at org.testng.TestNG.run(TestNG.java:1067)
at org.testng.remote.AbstractRemoteTestNG.run(AbstractRemoteTestNG.java:115)
at org.testng.remote.RemoteTestNG.initAndRun(RemoteTestNG.java:251)
at org.testng.remote.RemoteTestNG.main(RemoteTestNG.java:77)
]]>
    </error>
  </testcase> <!-- Test001_clickOnbrdExp -->
  <system-out/>
</testsuite> <!-- testCase.TestRockyMntHomePage -->
