<?xml version="1.0" encoding="UTF-8"?>
<!-- Generated by org.testng.reporters.JUnitReportReporter -->
<testsuite hostname="Milans-MBP" failures="0" tests="1" name="testCase.Test_Electronic" time="2.932" errors="0" timestamp="2023-07-20T12:23:01 EDT" skipped="0">
  <testcase classname="testCase.Test_Electronic" name="shp_tab" time="2.932"/>
  <system-out/>
</testsuite> <!-- testCase.Test_Electronic -->
