<?xml version="1.0" encoding="UTF-8"?>
<!-- Generated by org.testng.reporters.JUnitReportReporter -->
<testsuite hostname="Milans-MBP" failures="0" tests="1" name="testCase.BeautyShopTest" time="1.244" errors="0" timestamp="2023-07-20T13:31:14 EDT" skipped="0">
  <testcase classname="testCase.BeautyShopTest" name="Test001_Click_shp_tab" time="1.244"/>
  <system-out/>
</testsuite> <!-- testCase.BeautyShopTest -->
