<?xml version="1.0" encoding="UTF-8"?>
<!-- Generated by org.testng.reporters.JUnitReportReporter -->
<testsuite hostname="Milans-MBP" failures="0" tests="2" name="testCase.Test_OutDoorLiving" time="5.034" errors="0" timestamp="2023-07-26T14:44:52 EDT" skipped="0">
  <testcase classname="testCase.Test_OutDoorLiving" name="Test001_Click_AlloutdorLivng_tab" time="5.007"/>
  <system-out/>
  <testcase classname="testCase.Test_OutDoorLiving" name="Test007_validateTitle" time="0.027"/>
  <system-out/>
</testsuite> <!-- testCase.Test_OutDoorLiving -->
