<?xml version="1.0" encoding="UTF-8"?>
<!-- Generated by org.testng.reporters.JUnitReportReporter -->
<testsuite hostname="Milans-MBP" failures="0" tests="1" name="testCase.LoginTest" time="3.194" errors="0" timestamp="2023-07-20T12:05:33 EDT" skipped="0">
  <testcase classname="testCase.LoginTest" name="refresh_home" time="3.194"/>
  <system-out/>
</testsuite> <!-- testCase.LoginTest -->
