<?xml version="1.0" encoding="UTF-8"?>
<!-- Generated by org.testng.reporters.JUnitReportReporter -->
<testsuite hostname="Milans-MBP" failures="0" tests="1" name="testCase.TestRightClick" time="4.134" errors="0" timestamp="2023-07-28T14:50:49 EDT" skipped="0">
  <testcase classname="testCase.TestRightClick" name="Test_RightClick" time="4.134"/>
  <system-out/>
</testsuite> <!-- testCase.TestRightClick -->
