<?xml version="1.0" encoding="UTF-8"?>
<!-- Generated by org.testng.reporters.JUnitReportReporter -->
<testsuite hostname="Milans-MBP" failures="0" tests="8" name="testCase.Test_ToolsandHardware" time="79.791" errors="0" timestamp="2023-07-21T15:50:01 EDT" skipped="0">
  <testcase classname="testCase.Test_ToolsandHardware" name="test001_handTool" time="6.896"/>
  <system-out/>
  <testcase classname="testCase.Test_ToolsandHardware" name="test001_handTool" time="6.225"/>
  <system-out/>
  <testcase classname="testCase.Test_ToolsandHardware" name="test003_addTo_cart" time="11.611"/>
  <system-out/>
  <testcase classname="testCase.Test_ToolsandHardware" name="test002_pickSkRk_GT" time="14.212"/>
  <system-out/>
  <testcase classname="testCase.Test_ToolsandHardware" name="test003_addTo_cart" time="9.665"/>
  <system-out/>
  <testcase classname="testCase.Test_ToolsandHardware" name="test004_removeFrom_cart" time="7.714"/>
  <system-out/>
  <testcase classname="testCase.Test_ToolsandHardware" name="test004_removeFrom_cart" time="7.482"/>
  <system-out/>
  <testcase classname="testCase.Test_ToolsandHardware" name="test002_pickSkRk_GT" time="15.986"/>
  <system-out/>
</testsuite> <!-- testCase.Test_ToolsandHardware -->
